[2022-07-27T20:13:02.615Z] Behavior Logs info: database is connected
[2022-07-27T20:13:02.941Z] Behavior Logs info: database is connected
[2022-07-27T20:14:25.517Z] Behavior Logs info: database is connected
[2022-07-27T20:15:32.739Z] Behavior Logs info: database is connected
[2022-07-27T20:15:32.953Z] Behavior Logs info: database is connected
[2022-07-27T20:20:32.711Z] Behavior Logs info: database is connected
[2022-07-27T20:20:32.794Z] Behavior Logs info: database is connected
[2022-08-01T18:03:02.261Z] Behavior Logs info: UserService, insertUser called for insert user: undefined
[2022-08-01T18:03:02.265Z] Behavior Logs info: RouteUser post/user/insert User
[2022-08-01T18:03:02.365Z] Behavior Logs info: User insert: undefined
[2022-08-01T18:03:02.365Z] Behavior Logs info: UserController insertUser called with login: undefined
[2022-08-01T18:45:20.116Z] Behavior Logs info: UserService, insertUser called for insert user: acorrales
[2022-08-01T18:45:20.119Z] Behavior Logs info: RouteUser post/user/insert User
[2022-08-01T18:46:14.598Z] Behavior Logs info: UserService, insertUser called for insert user: acorrales
[2022-08-01T18:46:14.600Z] Behavior Logs info: RouteUser post/user/insert User
[2022-08-01T18:46:14.727Z] Behavior Logs info: User insert: acorrales
[2022-08-01T18:46:14.727Z] Behavior Logs info: UserController insertUser called with login: acorrales
[2022-08-01T18:53:34.511Z] Behavior Logs info: UserService, insertUser called for insert user: undefined
[2022-08-01T18:53:34.513Z] Behavior Logs info: RouteUser post/user/insert User
[2022-08-01T18:53:34.660Z] Behavior Logs info: User insert: undefined
[2022-08-01T18:53:34.660Z] Behavior Logs info: UserController insertUser called with login: undefined
[2022-08-01T18:57:53.949Z] Behavior Logs info: UserService, insertUser called for insert user: undefined
[2022-08-01T18:57:53.951Z] Behavior Logs info: RouteUser post/user/insert User
[2022-08-01T18:57:54.054Z] Behavior Logs info: User insert: undefined
[2022-08-01T18:57:54.054Z] Behavior Logs info: UserController insertUser called with login: undefined
[2022-08-01T18:59:42.509Z] Behavior Logs warn: Problem to insert user: User Emtyed
[2022-08-01T18:59:42.514Z] Behavior Logs info: RouteUser post/user/insert User
[2022-08-01T19:01:30.697Z] Behavior Logs info: UserService, insertUser called for insert user: undefined
[2022-08-01T19:01:30.698Z] Behavior Logs info: RouteUser post/user/insert User
[2022-08-01T19:01:30.832Z] Behavior Logs info: User insert: undefined
[2022-08-01T19:01:30.832Z] Behavior Logs info: UserController insertUser called with login: undefined
[2022-08-01T19:03:40.801Z] Behavior Logs warn: Problem to insert user: User Emtyed
[2022-08-01T19:03:40.807Z] Behavior Logs info: RouteUser post/user/insert User
[2022-08-01T19:05:47.624Z] Behavior Logs warn: Problem to insert user: User Emtyed
[2022-08-01T19:05:47.625Z] Behavior Logs info: RouteUser post/user/insert User
[2022-08-01T19:06:07.217Z] Behavior Logs info: UserService, insertUser called for insert user: acorrales
[2022-08-01T19:06:07.219Z] Behavior Logs info: RouteUser post/user/insert User
[2022-08-01T19:06:07.500Z] Behavior Logs info: User insert: acorrales
[2022-08-01T19:06:07.500Z] Behavior Logs info: UserController insertUser called with login: acorrales
[2022-08-01T19:06:15.995Z] Behavior Logs info: UserService, insertUser called for insert user: undefined
[2022-08-01T19:06:15.995Z] Behavior Logs info: RouteUser post/user/insert User
[2022-08-01T19:06:16.078Z] Behavior Logs info: User insert: undefined
[2022-08-01T19:06:16.078Z] Behavior Logs info: UserController insertUser called with login: undefined
[2022-08-01T19:07:29.992Z] Behavior Logs info: UserService, insertUser called for insert user: undefined
[2022-08-01T19:07:29.993Z] Behavior Logs info: RouteUser post/user/insert User
[2022-08-01T19:07:30.093Z] Behavior Logs info: User insert: undefined
[2022-08-01T19:07:30.093Z] Behavior Logs info: UserController insertUser called with login: undefined
[2022-08-01T19:07:44.340Z] Behavior Logs info: UserService, insertUser called for insert user: undefined
[2022-08-01T19:07:44.340Z] Behavior Logs info: RouteUser post/user/insert User
[2022-08-01T19:07:44.418Z] Behavior Logs info: User insert: undefined
[2022-08-01T19:07:44.418Z] Behavior Logs info: UserController insertUser called with login: undefined
[2022-08-01T19:08:28.173Z] Behavior Logs info: UserService, insertUser called for insert user: undefined
[2022-08-01T19:08:28.174Z] Behavior Logs info: RouteUser post/user/insert User
[2022-08-01T19:08:28.301Z] Behavior Logs info: User insert: undefined
[2022-08-01T19:08:28.302Z] Behavior Logs info: UserController insertUser called with login: undefined
[2022-08-01T19:09:42.086Z] Behavior Logs info: UserService, insertUser called for insert user: undefined
[2022-08-01T19:09:42.086Z] Behavior Logs info: RouteUser post/user/insert User
[2022-08-01T19:09:42.212Z] Behavior Logs info: User insert: undefined
[2022-08-01T19:09:42.212Z] Behavior Logs info: UserController insertUser called with login: undefined
[2022-08-01T19:11:11.944Z] Behavior Logs info: UserService, insertUser called for insert user: undefined
[2022-08-01T19:11:11.945Z] Behavior Logs info: RouteUser post/user/insert User
[2022-08-01T19:11:12.062Z] Behavior Logs info: User insert: undefined
[2022-08-01T19:11:12.062Z] Behavior Logs info: UserController insertUser called with login: undefined
[2022-08-01T19:13:45.904Z] Behavior Logs info: UserService, insertUser called for insert user: acorrales
[2022-08-01T19:13:45.904Z] Behavior Logs info: RouteUser post/user/insert User
[2022-08-01T19:13:45.987Z] Behavior Logs info: User insert: acorrales
[2022-08-01T19:13:45.987Z] Behavior Logs info: UserController insertUser called with login: acorrales
[2022-08-01T19:14:17.725Z] Behavior Logs info: UserService, insertUser called for insert user: acorrales
[2022-08-01T19:14:17.727Z] Behavior Logs info: RouteUser post/user/insert User
[2022-08-01T19:14:17.826Z] Behavior Logs info: User insert: acorrales
[2022-08-01T19:14:17.827Z] Behavior Logs info: UserController insertUser called with login: acorrales
[2022-08-01T21:13:53.082Z] Behavior Logs info: UserService, insertUser called for insert user: acorrales
[2022-08-01T21:13:53.084Z] Behavior Logs info: RouteUser post/user/insert User
[2022-08-01T21:13:53.197Z] Behavior Logs info: User insert: acorrales
[2022-08-01T21:13:53.198Z] Behavior Logs info: UserController insertUser called with login: acorrales
[2022-08-01T21:40:43.346Z] Behavior Logs info: UserService, insertUser called for insert user: undefined
[2022-08-01T21:40:43.348Z] Behavior Logs info: RouteUser post/user/insert User
[2022-08-01T21:49:33.489Z] Behavior Logs info: UserService, insertUser called for insert user: acorrales
[2022-08-01T21:49:33.490Z] Behavior Logs info: RouteUser post/user/insert User
[2022-08-01T21:49:33.836Z] Behavior Logs info: User insert: acorrales
[2022-08-01T21:49:33.836Z] Behavior Logs info: UserController insertUser called with login: acorrales
